chunk_monitor_player_opt.py log

PS C:\Projects\Andy> python chunk_monitor_player_opt.py  --no-boost
C:\Users\svits\AppData\Local\Packages\PythonSoftwareFoundation.Python.3.12_qbz5n2kfra8p0\LocalCache\local-packages\Python312\site-packages\pygame\pkgdata.py:25: UserWarning: pkg_resources is deprecated as an API. See https://setuptools.pypa.io/en/latest/pkg_resources.html. The pkg_resources package is slated for removal as early as 2025-11-30. Refrain from using this package or pin to Setuptools<81.
  from pkg_resources import resource_stream, resource_exists
pygame 2.6.1 (SDL 2.28.4, Python 3.12.10)
Hello from the pygame community. https://www.pygame.org/contribute.html
[01:37:11.899] âœ… pygame library loaded successfully (optimized for low latency)
[01:37:11.922] âœ… pydub library loaded successfully
[01:37:11.922] âœ… All required libraries loaded successfully
[01:37:11.923] ðŸŽµ Chunk Monitor Player
[01:37:11.924] ==================================================
[01:37:11.925] This script monitors the 'sts_result_chunks' folder and plays audio chunks in order.
[01:37:11.926] Press Ctrl+C to stop.
[01:37:11.927]
[01:37:11.934] ðŸš€ Speed mode: Volume boost disabled for maximum speed
[01:37:11.934] ðŸŽµ Creating Chunk Monitor Player with 0 dB volume boost
[01:37:11.944] ðŸŽµ Chunk Monitor Player initialized for folder: sts_result_chunks
[01:37:11.945] ðŸ”Š Volume boost: 0 dB
[01:37:11.949] â±ï¸  Check interval: 0.2s (optimized for low latency)
[01:37:11.950] ðŸ” Starting chunk monitoring and playback (optimized for low latency)...
[01:37:11.951] ðŸŽµ Audio player thread started (optimized)
[01:37:11.951] âœ… Audio player thread started
[01:37:25.460] ðŸ“¥ Added to queue: sts_chunk_008_20250716_013725.wav
[01:37:25.462] ðŸ“Š Found 1 new files
[01:37:25.465] ðŸ“‹ Queue length: 1, Currently playing: False
[01:37:25.466] ðŸŽµ Starting to play: sts_chunk_008_20250716_013725.wav
[01:37:25.469] â–¶ï¸  Direct WAV playback: sts_chunk_008_20250716_013725.wav
[01:37:26.585] âœ… Finished playing: sts_chunk_008_20250716_013725.wav (took 1.1s)
[01:37:26.593] ðŸŽµ Finished playing: sts_chunk_008_20250716_013725.wav
[01:37:29.327] ðŸ“¥ Added to queue: sts_chunk_010_20250716_013728.wav
[01:37:29.330] ðŸ“Š Found 1 new files
[01:37:29.333] ðŸŽµ Starting to play: sts_chunk_010_20250716_013728.wav
[01:37:29.335] â–¶ï¸  Direct WAV playback: sts_chunk_010_20250716_013728.wav
[01:37:31.899] âœ… Finished playing: sts_chunk_010_20250716_013728.wav (took 2.6s)
[01:37:31.901] ðŸŽµ Finished playing: sts_chunk_010_20250716_013728.wav
[01:37:32.354] ðŸ“¥ Added to queue: sts_chunk_011_20250716_013731.wav
[01:37:32.356] ðŸ“Š Found 1 new files
[01:37:32.357] ðŸ“‹ Queue length: 1, Currently playing: False
[01:37:32.362] ðŸŽµ Starting to play: sts_chunk_011_20250716_013731.wav
[01:37:32.364] â–¶ï¸  Direct WAV playback: sts_chunk_011_20250716_013731.wav
[01:37:33.974] ðŸ“¥ Added to queue: sts_chunk_012_20250716_013733.wav
[01:37:33.976] ðŸ“Š Found 1 new files
[01:37:33.977] ðŸ“‹ Queue length: 1, Currently playing: True
[01:37:34.912] âœ… Finished playing: sts_chunk_011_20250716_013731.wav (took 2.5s)
[01:37:34.916] ðŸŽµ Finished playing: sts_chunk_011_20250716_013731.wav
[01:37:34.924] ðŸŽµ Starting to play: sts_chunk_012_20250716_013733.wav
[01:37:34.931] â–¶ï¸  Direct WAV playback: sts_chunk_012_20250716_013733.wav
[01:37:37.435] âœ… Finished playing: sts_chunk_012_20250716_013733.wav (took 2.5s)
[01:37:37.436] ðŸŽµ Finished playing: sts_chunk_012_20250716_013733.wav
[01:37:41.458] ðŸ“¥ Added to queue: sts_chunk_013_20250716_013741.wav
[01:37:41.460] ðŸ“Š Found 1 new files
[01:37:41.461] ðŸ“‹ Queue length: 1, Currently playing: False
[01:37:41.465] ðŸŽµ Starting to play: sts_chunk_013_20250716_013741.wav
[01:37:41.466] â–¶ï¸  Direct WAV playback: sts_chunk_013_20250716_013741.wav
[01:37:42.672] ðŸ“¥ Added to queue: sts_chunk_015_20250716_013742.wav
[01:37:42.674] ðŸ“Š Found 1 new files
[01:37:42.676] ðŸ“‹ Queue length: 1, Currently playing: True
[01:37:42.879] ðŸ“¥ Added to queue: sts_chunk_014_20250716_013742.wav
[01:37:42.881] ðŸ“Š Found 1 new files
[01:37:43.724] ðŸ“‹ Queue length: 2, Currently playing: True
[01:37:44.737] ðŸ“‹ Queue length: 2, Currently playing: True
[01:37:45.744] ðŸ“‹ Queue length: 2, Currently playing: True
[01:37:46.227] âœ… Finished playing: sts_chunk_013_20250716_013741.wav (took 4.8s)
[01:37:46.229] ðŸŽµ Finished playing: sts_chunk_013_20250716_013741.wav
[01:37:46.231] ðŸŽµ Starting to play: sts_chunk_015_20250716_013742.wav
[01:37:46.233] â–¶ï¸  Direct WAV playback: sts_chunk_015_20250716_013742.wav
[01:37:46.759] ðŸ“‹ Queue length: 1, Currently playing: True
[01:37:47.321] âœ… Finished playing: sts_chunk_015_20250716_013742.wav (took 1.1s)
[01:37:47.330] ðŸŽµ Finished playing: sts_chunk_015_20250716_013742.wav
[01:37:47.336] ðŸŽµ Starting to play: sts_chunk_014_20250716_013742.wav
[01:37:47.338] â–¶ï¸  Direct WAV playback: sts_chunk_014_20250716_013742.wav
[01:37:47.368] ðŸ“¥ Added to queue: sts_chunk_016_20250716_013746.wav
[01:37:47.369] ðŸ“Š Found 1 new files
[01:37:47.775] ðŸ“‹ Queue length: 1, Currently playing: True
[01:37:48.794] ðŸ“‹ Queue length: 1, Currently playing: True
[01:37:49.820] ðŸ“‹ Queue length: 1, Currently playing: True
[01:37:50.834] ðŸ“‹ Queue length: 1, Currently playing: True
[01:37:51.254] âœ… Finished playing: sts_chunk_014_20250716_013742.wav (took 3.9s)
[01:37:51.262] ðŸŽµ Finished playing: sts_chunk_014_20250716_013742.wav
[01:37:51.263] ðŸŽµ Starting to play: sts_chunk_016_20250716_013746.wav
[01:37:51.264] â–¶ï¸  Direct WAV playback: sts_chunk_016_20250716_013746.wav
[01:37:52.473] ðŸ“¥ Added to queue: sts_chunk_017_20250716_013752.wav
[01:37:52.476] ðŸ“Š Found 1 new files
[01:37:52.477] ðŸ“‹ Queue length: 1, Currently playing: True
[01:37:53.489] ðŸ“‹ Queue length: 1, Currently playing: True
[01:37:54.504] ðŸ“‹ Queue length: 1, Currently playing: True
[01:37:54.801] âœ… Finished playing: sts_chunk_016_20250716_013746.wav (took 3.5s)
[01:37:54.803] ðŸŽµ Finished playing: sts_chunk_016_20250716_013746.wav
[01:37:54.805] ðŸŽµ Starting to play: sts_chunk_017_20250716_013752.wav
[01:37:54.809] â–¶ï¸  Direct WAV playback: sts_chunk_017_20250716_013752.wav
[01:37:54.912] ðŸ“¥ Added to queue: sts_chunk_018_20250716_013754.wav
[01:37:54.913] ðŸ“Š Found 1 new files
[01:37:55.518] ðŸ“‹ Queue length: 1, Currently playing: True
[01:37:56.586] ðŸ“‹ Queue length: 1, Currently playing: True
[01:37:57.600] ðŸ“‹ Queue length: 1, Currently playing: True
[01:37:58.611] ðŸ“‹ Queue length: 1, Currently playing: True
[01:37:59.628] ðŸ“‹ Queue length: 1, Currently playing: True
[01:37:59.796] âœ… Finished playing: sts_chunk_017_20250716_013752.wav (took 5.0s)
[01:37:59.797] ðŸŽµ Finished playing: sts_chunk_017_20250716_013752.wav
[01:37:59.800] ðŸŽµ Starting to play: sts_chunk_018_20250716_013754.wav
[01:37:59.802] â–¶ï¸  Direct WAV playback: sts_chunk_018_20250716_013754.wav
[01:38:01.310] ðŸ“¥ Added to queue: sts_chunk_019_20250716_013800.wav
[01:38:01.360] ðŸ“Š Found 1 new files
[01:38:01.403] ðŸ“‹ Queue length: 1, Currently playing: True
[01:38:02.431] ðŸ“‹ Queue length: 1, Currently playing: True
[01:38:02.635] ðŸ“¥ Added to queue: sts_chunk_020_20250716_013802.wav
[01:38:02.636] ðŸ“Š Found 1 new files
[01:38:02.879] âœ… Finished playing: sts_chunk_018_20250716_013754.wav (took 3.1s)
[01:38:02.880] ðŸŽµ Finished playing: sts_chunk_018_20250716_013754.wav
[01:38:02.883] ðŸŽµ Starting to play: sts_chunk_019_20250716_013800.wav
[01:38:02.887] â–¶ï¸  Direct WAV playback: sts_chunk_019_20250716_013800.wav
[01:38:03.443] ðŸ“‹ Queue length: 1, Currently playing: True
[01:38:04.522] ðŸ“¥ Added to queue: sts_chunk_021_20250716_013803.wav
[01:38:04.523] ðŸ“Š Found 1 new files
[01:38:04.527] ðŸ“‹ Queue length: 2, Currently playing: True
[01:38:05.539] ðŸ“‹ Queue length: 2, Currently playing: True
[01:38:06.563] ðŸ“‹ Queue length: 2, Currently playing: True
[01:38:07.642] ðŸ“‹ Queue length: 2, Currently playing: True
[01:38:07.855] ðŸ“¥ Added to queue: sts_chunk_022_20250716_013807.wav
[01:38:07.863] ðŸ“Š Found 1 new files
[01:38:08.693] ðŸ“‹ Queue length: 3, Currently playing: True
[01:38:08.725] âœ… Finished playing: sts_chunk_019_20250716_013800.wav (took 5.8s)
[01:38:08.726] ðŸŽµ Finished playing: sts_chunk_019_20250716_013800.wav
[01:38:08.728] ðŸŽµ Starting to play: sts_chunk_020_20250716_013802.wav
[01:38:08.730] â–¶ï¸  Direct WAV playback: sts_chunk_020_20250716_013802.wav
[01:38:09.714] ðŸ“‹ Queue length: 2, Currently playing: True
[01:38:10.608] âœ… Finished playing: sts_chunk_020_20250716_013802.wav (took 1.9s)
[01:38:10.609] ðŸŽµ Finished playing: sts_chunk_020_20250716_013802.wav
[01:38:10.611] ðŸŽµ Starting to play: sts_chunk_021_20250716_013803.wav
[01:38:10.613] â–¶ï¸  Direct WAV playback: sts_chunk_021_20250716_013803.wav
[01:38:10.873] ðŸ“‹ Queue length: 1, Currently playing: True
[01:38:11.963] ðŸ“‹ Queue length: 1, Currently playing: True
[01:38:12.167] ðŸ“¥ Added to queue: sts_chunk_023_20250716_013811.wav
[01:38:12.170] ðŸ“Š Found 1 new files
[01:38:12.548] âœ… Finished playing: sts_chunk_021_20250716_013803.wav (took 1.9s)
[01:38:12.550] ðŸŽµ Finished playing: sts_chunk_021_20250716_013803.wav
[01:38:12.552] ðŸŽµ Starting to play: sts_chunk_022_20250716_013807.wav
[01:38:12.554] â–¶ï¸  Direct WAV playback: sts_chunk_022_20250716_013807.wav
[01:38:12.976] ðŸ“‹ Queue length: 1, Currently playing: True
[01:38:13.982] ðŸ“‹ Queue length: 1, Currently playing: True
[01:38:14.990] ðŸ“‹ Queue length: 1, Currently playing: True
[01:38:15.679] âœ… Finished playing: sts_chunk_022_20250716_013807.wav (took 3.1s)
[01:38:15.686] ðŸŽµ Finished playing: sts_chunk_022_20250716_013807.wav
[01:38:15.689] ðŸŽµ Starting to play: sts_chunk_023_20250716_013811.wav
[01:38:15.693] â–¶ï¸  Direct WAV playback: sts_chunk_023_20250716_013811.wav
[01:38:19.195] âœ… Finished playing: sts_chunk_023_20250716_013811.wav (took 3.5s)
[01:38:19.203] ðŸŽµ Finished playing: sts_chunk_023_20250716_013811.wav
[01:38:21.308] ðŸ“¥ Added to queue: sts_chunk_024_20250716_013820.wav
[01:38:21.310] ðŸ“Š Found 1 new files
[01:38:21.312] ðŸ“‹ Queue length: 1, Currently playing: False
[01:38:21.315] ðŸŽµ Starting to play: sts_chunk_024_20250716_013820.wav
[01:38:21.317] â–¶ï¸  Direct WAV playback: sts_chunk_024_20250716_013820.wav
[01:38:23.935] ðŸ“¥ Added to queue: sts_chunk_026_20250716_013823.wav
[01:38:23.936] ðŸ“Š Found 1 new files
[01:38:23.937] ðŸ“‹ Queue length: 1, Currently playing: True
[01:38:24.944] ðŸ“‹ Queue length: 1, Currently playing: True
[01:38:25.953] ðŸ“‹ Queue length: 1, Currently playing: True
[01:38:27.018] ðŸ“¥ Added to queue: sts_chunk_027_20250716_013826.wav
[01:38:27.021] ðŸ“Š Found 1 new files
[01:38:27.025] ðŸ“‹ Queue length: 2, Currently playing: True
[01:38:28.036] ðŸ“‹ Queue length: 2, Currently playing: True
[01:38:29.064] ðŸ“‹ Queue length: 2, Currently playing: True
[01:38:29.407] âœ… Finished playing: sts_chunk_024_20250716_013820.wav (took 8.1s)
[01:38:29.407] ðŸŽµ Finished playing: sts_chunk_024_20250716_013820.wav
[01:38:29.409] ðŸŽµ Starting to play: sts_chunk_026_20250716_013823.wav
[01:38:29.411] â–¶ï¸  Direct WAV playback: sts_chunk_026_20250716_013823.wav
[01:38:30.092] ðŸ“‹ Queue length: 1, Currently playing: True
[01:38:30.926] ðŸ“¥ Added to queue: sts_chunk_028_20250716_013830.wav
[01:38:30.928] ðŸ“Š Found 1 new files
[01:38:31.156] ðŸ“‹ Queue length: 2, Currently playing: True
[01:38:32.227] ðŸ“‹ Queue length: 2, Currently playing: True
[01:38:33.238] ðŸ“‹ Queue length: 2, Currently playing: True
[01:38:33.375] âœ… Finished playing: sts_chunk_026_20250716_013823.wav (took 4.0s)
[01:38:33.376] ðŸŽµ Finished playing: sts_chunk_026_20250716_013823.wav
[01:38:33.379] ðŸŽµ Starting to play: sts_chunk_027_20250716_013826.wav
[01:38:33.380] â–¶ï¸  Direct WAV playback: sts_chunk_027_20250716_013826.wav
[01:38:34.259] ðŸ“‹ Queue length: 1, Currently playing: True
[01:38:34.672] ðŸ“¥ Added to queue: sts_chunk_029_20250716_013834.wav
[01:38:34.674] ðŸ“Š Found 1 new files
[01:38:35.333] ðŸ“‹ Queue length: 2, Currently playing: True
[01:38:36.345] ðŸ“‹ Queue length: 2, Currently playing: True
[01:38:36.403] âœ… Finished playing: sts_chunk_027_20250716_013826.wav (took 3.0s)
[01:38:36.404] ðŸŽµ Finished playing: sts_chunk_027_20250716_013826.wav
[01:38:36.406] ðŸŽµ Starting to play: sts_chunk_028_20250716_013830.wav
[01:38:36.408] â–¶ï¸  Direct WAV playback: sts_chunk_028_20250716_013830.wav
[01:38:36.953] ðŸ“¥ Added to queue: sts_chunk_030_20250716_013836.wav
[01:38:36.955] ðŸ“Š Found 1 new files
[01:38:37.375] ðŸ“‹ Queue length: 2, Currently playing: True
[01:38:38.393] ðŸ“‹ Queue length: 2, Currently playing: True
[01:38:38.998] ðŸ“¥ Added to queue: sts_chunk_031_20250716_013838.wav
[01:38:39.000] ðŸ“Š Found 1 new files
[01:38:39.405] ðŸ“‹ Queue length: 3, Currently playing: True
[01:38:40.415] ðŸ“‹ Queue length: 3, Currently playing: True
[01:38:40.419] âœ… Finished playing: sts_chunk_028_20250716_013830.wav (took 4.0s)
[01:38:40.420] ðŸŽµ Finished playing: sts_chunk_028_20250716_013830.wav
[01:38:40.422] ðŸŽµ Starting to play: sts_chunk_029_20250716_013834.wav
[01:38:40.423] â–¶ï¸  Direct WAV playback: sts_chunk_029_20250716_013834.wav
[01:38:41.458] ðŸ“‹ Queue length: 2, Currently playing: True
[01:38:42.488] ðŸ“‹ Queue length: 2, Currently playing: True
[01:38:42.909] ðŸ“¥ Added to queue: sts_chunk_032_20250716_013842.wav
[01:38:42.910] ðŸ“Š Found 1 new files
[01:38:43.309] âœ… Finished playing: sts_chunk_029_20250716_013834.wav (took 2.9s)
[01:38:43.310] ðŸŽµ Finished playing: sts_chunk_029_20250716_013834.wav
[01:38:43.312] ðŸŽµ Starting to play: sts_chunk_030_20250716_013836.wav
[01:38:43.317] â–¶ï¸  Direct WAV playback: sts_chunk_030_20250716_013836.wav
[01:38:43.532] ðŸ“‹ Queue length: 2, Currently playing: True
[01:38:44.142] ðŸ“¥ Added to queue: sts_chunk_033_20250716_013843.wav
[01:38:44.144] ðŸ“Š Found 1 new files
[01:38:44.630] ðŸ“‹ Queue length: 3, Currently playing: True
[01:38:45.670] ðŸ“‹ Queue length: 3, Currently playing: True
[01:38:46.523] âœ… Finished playing: sts_chunk_030_20250716_013836.wav (took 3.2s)
[01:38:46.530] ðŸŽµ Finished playing: sts_chunk_030_20250716_013836.wav
[01:38:46.531] ðŸŽµ Starting to play: sts_chunk_031_20250716_013838.wav
[01:38:46.532] â–¶ï¸  Direct WAV playback: sts_chunk_031_20250716_013838.wav
[01:38:46.705] ðŸ“‹ Queue length: 2, Currently playing: True
[01:38:47.726] ðŸ“‹ Queue length: 2, Currently playing: True
[01:38:48.761] ðŸ“‹ Queue length: 2, Currently playing: True
[01:38:49.291] âœ… Finished playing: sts_chunk_031_20250716_013838.wav (took 2.8s)
[01:38:49.292] ðŸŽµ Finished playing: sts_chunk_031_20250716_013838.wav
[01:38:49.295] ðŸŽµ Starting to play: sts_chunk_032_20250716_013842.wav
[01:38:49.297] â–¶ï¸  Direct WAV playback: sts_chunk_032_20250716_013842.wav
[01:38:49.779] ðŸ“‹ Queue length: 1, Currently playing: True
[01:38:50.793] ðŸ“‹ Queue length: 1, Currently playing: True
[01:38:51.821] ðŸ“‹ Queue length: 1, Currently playing: True
[01:38:52.849] ðŸ“‹ Queue length: 1, Currently playing: True
[01:38:52.919] âœ… Finished playing: sts_chunk_032_20250716_013842.wav (took 3.6s)
[01:38:52.923] ðŸŽµ Finished playing: sts_chunk_032_20250716_013842.wav
[01:38:52.928] ðŸŽµ Starting to play: sts_chunk_033_20250716_013843.wav
[01:38:52.933] â–¶ï¸  Direct WAV playback: sts_chunk_033_20250716_013843.wav
[01:38:53.256] ðŸ“¥ Added to queue: sts_chunk_034_20250716_013852.wav
[01:38:53.258] ðŸ“Š Found 1 new files
[01:38:53.871] ðŸ“‹ Queue length: 1, Currently playing: True
[01:38:54.584] âœ… Finished playing: sts_chunk_033_20250716_013843.wav (took 1.7s)
[01:38:54.585] ðŸŽµ Finished playing: sts_chunk_033_20250716_013843.wav
[01:38:54.587] ðŸŽµ Starting to play: sts_chunk_034_20250716_013852.wav
[01:38:54.590] â–¶ï¸  Direct WAV playback: sts_chunk_034_20250716_013852.wav
[01:38:57.715] ðŸ“¥ Added to queue: sts_chunk_035_20250716_013857.wav
[01:38:57.716] ðŸ“Š Found 1 new files
[01:38:57.718] ðŸ“‹ Queue length: 1, Currently playing: True
[01:38:58.537] ðŸ“¥ Added to queue: sts_chunk_036_20250716_013857.wav
[01:38:58.539] ðŸ“Š Found 1 new files
[01:38:58.741] ðŸ“‹ Queue length: 2, Currently playing: True
[01:38:59.754] ðŸ“‹ Queue length: 2, Currently playing: True
[01:39:00.167] ðŸ“¥ Added to queue: sts_chunk_037_20250716_013859.wav
[01:39:00.169] ðŸ“Š Found 1 new files
[01:39:00.793] ðŸ“‹ Queue length: 3, Currently playing: True
[01:39:01.809] ðŸ“‹ Queue length: 3, Currently playing: True
[01:39:02.265] âœ… Finished playing: sts_chunk_034_20250716_013852.wav (took 7.7s)
[01:39:02.273] ðŸŽµ Finished playing: sts_chunk_034_20250716_013852.wav
[01:39:02.274] ðŸŽµ Starting to play: sts_chunk_035_20250716_013857.wav
[01:39:02.276] â–¶ï¸  Direct WAV playback: sts_chunk_035_20250716_013857.wav
[01:39:02.820] ðŸ“‹ Queue length: 2, Currently playing: True
[01:39:03.830] ðŸ“‹ Queue length: 2, Currently playing: True
[01:39:04.845] ðŸ“‹ Queue length: 2, Currently playing: True
[01:39:05.883] ðŸ“‹ Queue length: 2, Currently playing: True
[01:39:06.091] ðŸ“¥ Added to queue: sts_chunk_038_20250716_013905.wav
[01:39:06.093] ðŸ“Š Found 1 new files
[01:39:06.905] ðŸ“‹ Queue length: 3, Currently playing: True
[01:39:07.752] âœ… Finished playing: sts_chunk_035_20250716_013857.wav (took 5.5s)
[01:39:07.753] ðŸŽµ Finished playing: sts_chunk_035_20250716_013857.wav
[01:39:07.755] ðŸŽµ Starting to play: sts_chunk_036_20250716_013857.wav
[01:39:07.757] â–¶ï¸  Direct WAV playback: sts_chunk_036_20250716_013857.wav
[01:39:07.914] ðŸ“‹ Queue length: 2, Currently playing: True
[01:39:08.930] ðŸ“‹ Queue length: 2, Currently playing: True
[01:39:09.025] âœ… Finished playing: sts_chunk_036_20250716_013857.wav (took 1.3s)
[01:39:09.026] ðŸŽµ Finished playing: sts_chunk_036_20250716_013857.wav
[01:39:09.029] ðŸŽµ Starting to play: sts_chunk_037_20250716_013859.wav
[01:39:09.031] â–¶ï¸  Direct WAV playback: sts_chunk_037_20250716_013859.wav
[01:39:10.004] ðŸ“‹ Queue length: 1, Currently playing: True
[01:39:10.987] âœ… Finished playing: sts_chunk_037_20250716_013859.wav (took 2.0s)
[01:39:10.988] ðŸŽµ Finished playing: sts_chunk_037_20250716_013859.wav
[01:39:10.991] ðŸŽµ Starting to play: sts_chunk_038_20250716_013905.wav
[01:39:10.993] â–¶ï¸  Direct WAV playback: sts_chunk_038_20250716_013905.wav
[01:39:14.336] ðŸ“¥ Added to queue: sts_chunk_039_20250716_013913.wav
[01:39:14.375] ðŸ“Š Found 1 new files
[01:39:14.388] ðŸ“‹ Queue length: 1, Currently playing: True
[01:39:15.325] âœ… Finished playing: sts_chunk_038_20250716_013905.wav (took 4.3s)
[01:39:15.326] ðŸŽµ Finished playing: sts_chunk_038_20250716_013905.wav
[01:39:15.327] ðŸŽµ Starting to play: sts_chunk_039_20250716_013913.wav
[01:39:15.329] â–¶ï¸  Direct WAV playback: sts_chunk_039_20250716_013913.wav
[01:39:16.255] ðŸ“¥ Added to queue: sts_chunk_040_20250716_013915.wav
[01:39:16.256] ðŸ“Š Found 1 new files
[01:39:16.259] ðŸ“‹ Queue length: 1, Currently playing: True
[01:39:17.271] ðŸ“‹ Queue length: 1, Currently playing: True
[01:39:18.292] ðŸ“‹ Queue length: 1, Currently playing: True
[01:39:19.310] ðŸ“‹ Queue length: 1, Currently playing: True
[01:39:20.417] ðŸ“‹ Queue length: 1, Currently playing: True
[01:39:21.426] ðŸ“‹ Queue length: 1, Currently playing: True
[01:39:22.469] ðŸ“‹ Queue length: 1, Currently playing: True
[01:39:23.415] âœ… Finished playing: sts_chunk_039_20250716_013913.wav (took 8.1s)
[01:39:23.423] ðŸŽµ Finished playing: sts_chunk_039_20250716_013913.wav
[01:39:23.424] ðŸŽµ Starting to play: sts_chunk_040_20250716_013915.wav
[01:39:23.427] â–¶ï¸  Direct WAV playback: sts_chunk_040_20250716_013915.wav
[01:39:25.709] ðŸ“¥ Added to queue: sts_chunk_042_20250716_013925.wav
[01:39:25.710] ðŸ“Š Found 1 new files
[01:39:25.712] ðŸ“‹ Queue length: 1, Currently playing: True
[01:39:26.735] ðŸ“‹ Queue length: 1, Currently playing: True
[01:39:26.942] ðŸ“¥ Added to queue: sts_chunk_043_20250716_013926.wav
[01:39:26.946] ðŸ“Š Found 1 new files
[01:39:27.162] âœ… Finished playing: sts_chunk_040_20250716_013915.wav (took 3.7s)
[01:39:27.164] ðŸŽµ Finished playing: sts_chunk_040_20250716_013915.wav
[01:39:27.166] ðŸŽµ Starting to play: sts_chunk_042_20250716_013925.wav
[01:39:27.172] â–¶ï¸  Direct WAV playback: sts_chunk_042_20250716_013925.wav
[01:39:27.781] ðŸ“‹ Queue length: 1, Currently playing: True
[01:39:28.793] ðŸ“‹ Queue length: 1, Currently playing: True
[01:39:29.840] ðŸ“‹ Queue length: 1, Currently playing: True
[01:39:30.046] ðŸ“¥ Added to queue: sts_chunk_044_20250716_013929.wav
[01:39:30.048] ðŸ“Š Found 1 new files
[01:39:30.870] ðŸ“‹ Queue length: 2, Currently playing: True
[01:39:31.881] ðŸ“‹ Queue length: 2, Currently playing: True
[01:39:32.916] ðŸ“‹ Queue length: 2, Currently playing: True
[01:39:33.527] ðŸ“¥ Added to queue: sts_chunk_045_20250716_013932.wav
[01:39:33.529] ðŸ“Š Found 1 new files
[01:39:33.938] ðŸ“‹ Queue length: 3, Currently playing: True
[01:39:34.478] âœ… Finished playing: sts_chunk_042_20250716_013925.wav (took 7.3s)
[01:39:34.485] ðŸŽµ Finished playing: sts_chunk_042_20250716_013925.wav
[01:39:34.492] ðŸŽµ Starting to play: sts_chunk_043_20250716_013926.wav
[01:39:34.498] â–¶ï¸  Direct WAV playback: sts_chunk_043_20250716_013926.wav
[01:39:34.967] ðŸ“‹ Queue length: 2, Currently playing: True
[01:39:35.984] ðŸ“‹ Queue length: 2, Currently playing: True
[01:39:36.995] ðŸ“‹ Queue length: 2, Currently playing: True
[01:39:37.159] âœ… Finished playing: sts_chunk_043_20250716_013926.wav (took 2.7s)
[01:39:37.160] ðŸŽµ Finished playing: sts_chunk_043_20250716_013926.wav
[01:39:37.164] ðŸŽµ Starting to play: sts_chunk_044_20250716_013929.wav
[01:39:37.166] â–¶ï¸  Direct WAV playback: sts_chunk_044_20250716_013929.wav
[01:39:38.009] ðŸ“‹ Queue length: 1, Currently playing: True
[01:39:39.055] ðŸ“‹ Queue length: 1, Currently playing: True
[01:39:39.263] ðŸ“¥ Added to queue: sts_chunk_046_20250716_013938.wav
[01:39:39.264] ðŸ“Š Found 1 new files
[01:39:40.076] ðŸ“‹ Queue length: 2, Currently playing: True
[01:39:40.284] âœ… Finished playing: sts_chunk_044_20250716_013929.wav (took 3.1s)
[01:39:40.285] ðŸŽµ Finished playing: sts_chunk_044_20250716_013929.wav
[01:39:40.287] ðŸŽµ Starting to play: sts_chunk_045_20250716_013932.wav
[01:39:40.290] â–¶ï¸  Direct WAV playback: sts_chunk_045_20250716_013932.wav
[01:39:41.090] ðŸ“‹ Queue length: 1, Currently playing: True
[01:39:42.135] ðŸ“‹ Queue length: 1, Currently playing: True
[01:39:42.342] ðŸ“¥ Added to queue: sts_chunk_047_20250716_013941.wav
[01:39:42.343] ðŸ“Š Found 1 new files
[01:39:43.157] ðŸ“‹ Queue length: 2, Currently playing: True
[01:39:43.189] âœ… Finished playing: sts_chunk_045_20250716_013932.wav (took 2.9s)
[01:39:43.190] ðŸŽµ Finished playing: sts_chunk_045_20250716_013932.wav
[01:39:43.190] ðŸŽµ Starting to play: sts_chunk_046_20250716_013938.wav
[01:39:43.193] â–¶ï¸  Direct WAV playback: sts_chunk_046_20250716_013938.wav
[01:39:44.174] ðŸ“‹ Queue length: 1, Currently playing: True
[01:39:45.201] ðŸ“‹ Queue length: 1, Currently playing: True
[01:39:46.280] ðŸ“‹ Queue length: 1, Currently playing: True
[01:39:46.961] ðŸ“¥ Added to queue: sts_chunk_048_20250716_013946.wav
[01:39:46.973] ðŸ“Š Found 1 new files
[01:39:47.386] ðŸ“‹ Queue length: 2, Currently playing: True
[01:39:48.401] ðŸ“‹ Queue length: 2, Currently playing: True
[01:39:48.401] âœ… Finished playing: sts_chunk_046_20250716_013938.wav (took 5.2s)
[01:39:48.406] ðŸŽµ Finished playing: sts_chunk_046_20250716_013938.wav
[01:39:48.407] ðŸŽµ Starting to play: sts_chunk_047_20250716_013941.wav
[01:39:48.409] â–¶ï¸  Direct WAV playback: sts_chunk_047_20250716_013941.wav
[01:39:49.426] ðŸ“‹ Queue length: 1, Currently playing: True
[01:39:50.456] ðŸ“‹ Queue length: 1, Currently playing: True
[01:39:50.660] ðŸ“¥ Added to queue: sts_chunk_049_20250716_013950.wav
[01:39:50.661] ðŸ“Š Found 1 new files
[01:39:51.471] ðŸ“‹ Queue length: 2, Currently playing: True
[01:39:52.034] âœ… Finished playing: sts_chunk_047_20250716_013941.wav (took 3.6s)
[01:39:52.035] ðŸŽµ Finished playing: sts_chunk_047_20250716_013941.wav
[01:39:52.037] ðŸŽµ Starting to play: sts_chunk_048_20250716_013946.wav
[01:39:52.039] â–¶ï¸  Direct WAV playback: sts_chunk_048_20250716_013946.wav
[01:39:52.540] ðŸ“‹ Queue length: 1, Currently playing: True
[01:39:52.742] ðŸ“¥ Added to queue: sts_chunk_051_20250716_013952.wav
[01:39:52.744] ðŸ“Š Found 1 new files
[01:39:53.562] ðŸ“‹ Queue length: 2, Currently playing: True
[01:39:54.677] ðŸ“‹ Queue length: 2, Currently playing: True
[01:39:55.699] ðŸ“‹ Queue length: 2, Currently playing: True
[01:39:56.775] ðŸ“‹ Queue length: 2, Currently playing: True
[01:39:56.970] âœ… Finished playing: sts_chunk_048_20250716_013946.wav (took 4.9s)
[01:39:56.970] ðŸŽµ Finished playing: sts_chunk_048_20250716_013946.wav
[01:39:56.972] ðŸŽµ Starting to play: sts_chunk_049_20250716_013950.wav
[01:39:56.975] â–¶ï¸  Direct WAV playback: sts_chunk_049_20250716_013950.wav
[01:39:57.395] ðŸ“¥ Added to queue: sts_chunk_052_20250716_013956.wav
[01:39:57.396] ðŸ“Š Found 1 new files
[01:39:57.802] ðŸ“‹ Queue length: 2, Currently playing: True
[01:39:58.818] ðŸ“‹ Queue length: 2, Currently playing: True
[01:39:59.640] ðŸ“¥ Added to queue: sts_chunk_053_20250716_013959.wav
[01:39:59.642] ðŸ“Š Found 1 new files
[01:39:59.848] ðŸ“‹ Queue length: 3, Currently playing: True
[01:40:00.151] âœ… Finished playing: sts_chunk_049_20250716_013950.wav (took 3.2s)
[01:40:00.152] ðŸŽµ Finished playing: sts_chunk_049_20250716_013950.wav
[01:40:00.155] ðŸŽµ Starting to play: sts_chunk_051_20250716_013952.wav
[01:40:00.157] â–¶ï¸  Direct WAV playback: sts_chunk_051_20250716_013952.wav
[01:40:00.859] ðŸ“‹ Queue length: 2, Currently playing: True
[01:40:01.879] ðŸ“‹ Queue length: 2, Currently playing: True
[01:40:02.279] âœ… Finished playing: sts_chunk_051_20250716_013952.wav (took 2.1s)
[01:40:02.280] ðŸŽµ Finished playing: sts_chunk_051_20250716_013952.wav
[01:40:02.282] ðŸŽµ Starting to play: sts_chunk_052_20250716_013956.wav
[01:40:02.284] â–¶ï¸  Direct WAV playback: sts_chunk_052_20250716_013956.wav
[01:40:02.897] ðŸ“‹ Queue length: 1, Currently playing: True
[01:40:03.911] ðŸ“‹ Queue length: 1, Currently playing: True
[01:40:04.952] ðŸ“‹ Queue length: 1, Currently playing: True
[01:40:05.984] ðŸ“‹ Queue length: 1, Currently playing: True
[01:40:06.323] âœ… Finished playing: sts_chunk_052_20250716_013956.wav (took 4.0s)
[01:40:06.324] ðŸŽµ Finished playing: sts_chunk_052_20250716_013956.wav
[01:40:06.326] ðŸŽµ Starting to play: sts_chunk_053_20250716_013959.wav
[01:40:06.328] â–¶ï¸  Direct WAV playback: sts_chunk_053_20250716_013959.wav
[01:40:06.593] ðŸ“¥ Added to queue: sts_chunk_054_20250716_014006.wav
[01:40:06.595] ðŸ“Š Found 1 new files
[01:40:07.029] ðŸ“‹ Queue length: 1, Currently playing: True
[01:40:08.085] ðŸ“‹ Queue length: 1, Currently playing: True
[01:40:09.120] âœ… Finished playing: sts_chunk_053_20250716_013959.wav (took 2.8s)
[01:40:09.123] ðŸ“‹ Queue length: 1, Currently playing: True
[01:40:09.135] ðŸŽµ Finished playing: sts_chunk_053_20250716_013959.wav
[01:40:09.140] ðŸŽµ Starting to play: sts_chunk_054_20250716_014006.wav
[01:40:09.141] â–¶ï¸  Direct WAV playback: sts_chunk_054_20250716_014006.wav
[01:40:11.806] ðŸ“¥ Added to queue: sts_chunk_056_20250716_014011.wav
[01:40:11.808] ðŸ“Š Found 1 new files
[01:40:11.810] ðŸ“‹ Queue length: 1, Currently playing: True
[01:40:12.637] ðŸ“¥ Added to queue: sts_chunk_055_20250716_014012.wav
[01:40:12.639] ðŸ“Š Found 1 new files
[01:40:12.844] ðŸ“‹ Queue length: 2, Currently playing: True
[01:40:13.902] ðŸ“‹ Queue length: 2, Currently playing: True
[01:40:14.939] ðŸ“‹ Queue length: 2, Currently playing: True
[01:40:15.552] âœ… Finished playing: sts_chunk_054_20250716_014006.wav (took 6.4s)
[01:40:15.559] ðŸŽµ Finished playing: sts_chunk_054_20250716_014006.wav
[01:40:15.584] ðŸŽµ Starting to play: sts_chunk_056_20250716_014011.wav
[01:40:15.594] â–¶ï¸  Direct WAV playback: sts_chunk_056_20250716_014011.wav
[01:40:15.984] ðŸ“‹ Queue length: 1, Currently playing: True
[01:40:16.824] âœ… Finished playing: sts_chunk_056_20250716_014011.wav (took 1.2s)
[01:40:16.825] ðŸŽµ Finished playing: sts_chunk_056_20250716_014011.wav
[01:40:16.827] ðŸŽµ Starting to play: sts_chunk_055_20250716_014012.wav
[01:40:16.829] â–¶ï¸  Direct WAV playback: sts_chunk_055_20250716_014012.wav
[01:40:19.649] ðŸ“¥ Added to queue: sts_chunk_057_20250716_014019.wav
[01:40:19.651] ðŸ“Š Found 1 new files
[01:40:19.653] ðŸ“‹ Queue length: 1, Currently playing: True
[01:40:20.736] ðŸ“‹ Queue length: 1, Currently playing: True
[01:40:21.761] ðŸ“‹ Queue length: 1, Currently playing: True
[01:40:22.187] ðŸ“¥ Added to queue: sts_chunk_058_20250716_014021.wav
[01:40:22.190] ðŸ“Š Found 1 new files
[01:40:22.230] âœ… Finished playing: sts_chunk_055_20250716_014012.wav (took 5.4s)
[01:40:22.230] ðŸŽµ Finished playing: sts_chunk_055_20250716_014012.wav
[01:40:22.232] ðŸŽµ Starting to play: sts_chunk_057_20250716_014019.wav
[01:40:22.234] â–¶ï¸  Direct WAV playback: sts_chunk_057_20250716_014019.wav
[01:40:22.809] ðŸ“‹ Queue length: 1, Currently playing: True
[01:40:23.825] ðŸ“‹ Queue length: 1, Currently playing: True
[01:40:24.860] ðŸ“‹ Queue length: 1, Currently playing: True
[01:40:25.894] ðŸ“‹ Queue length: 1, Currently playing: True
[01:40:26.720] ðŸ“¥ Added to queue: sts_chunk_060_20250716_014026.wav
[01:40:26.721] ðŸ“Š Found 1 new files
[01:40:26.949] ðŸ“‹ Queue length: 2, Currently playing: True
[01:40:27.967] ðŸ“‹ Queue length: 2, Currently playing: True
[01:40:28.231] âœ… Finished playing: sts_chunk_057_20250716_014019.wav (took 6.0s)
[01:40:28.239] ðŸŽµ Finished playing: sts_chunk_057_20250716_014019.wav
[01:40:28.240] ðŸŽµ Starting to play: sts_chunk_058_20250716_014021.wav
[01:40:28.242] â–¶ï¸  Direct WAV playback: sts_chunk_058_20250716_014021.wav
[01:40:29.012] ðŸ“‹ Queue length: 1, Currently playing: True
[01:40:30.046] ðŸ“‹ Queue length: 1, Currently playing: True
[01:40:31.077] ðŸ“‹ Queue length: 1, Currently playing: True
[01:40:31.974] âœ… Finished playing: sts_chunk_058_20250716_014021.wav (took 3.7s)
[01:40:31.975] ðŸŽµ Finished playing: sts_chunk_058_20250716_014021.wav
[01:40:31.977] ðŸŽµ Starting to play: sts_chunk_060_20250716_014026.wav
[01:40:31.980] â–¶ï¸  Direct WAV playback: sts_chunk_060_20250716_014026.wav
[01:40:33.120] ðŸ“¥ Added to queue: sts_chunk_061_20250716_014032.wav
[01:40:33.122] ðŸ“Š Found 1 new files
[01:40:33.123] ðŸ“‹ Queue length: 1, Currently playing: True
[01:40:34.147] ðŸ“‹ Queue length: 1, Currently playing: True
[01:40:35.179] ðŸ“‹ Queue length: 1, Currently playing: True
[01:40:35.848] âœ… Finished playing: sts_chunk_060_20250716_014026.wav (took 3.9s)
[01:40:35.849] ðŸŽµ Finished playing: sts_chunk_060_20250716_014026.wav
[01:40:35.852] ðŸŽµ Starting to play: sts_chunk_061_20250716_014032.wav
[01:40:35.856] â–¶ï¸  Direct WAV playback: sts_chunk_061_20250716_014032.wav
[01:40:38.842] ðŸ“¥ Added to queue: sts_chunk_062_20250716_014038.wav
[01:40:38.844] ðŸ“Š Found 1 new files
[01:40:38.845] ðŸ“‹ Queue length: 1, Currently playing: True
[01:40:39.859] ðŸ“‹ Queue length: 1, Currently playing: True
[01:40:40.898] ðŸ“‹ Queue length: 1, Currently playing: True
[01:40:41.572] âœ… Finished playing: sts_chunk_061_20250716_014032.wav (took 5.7s)
[01:40:41.575] ðŸŽµ Finished playing: sts_chunk_061_20250716_014032.wav
[01:40:41.577] ðŸŽµ Starting to play: sts_chunk_062_20250716_014038.wav
[01:40:41.579] â–¶ï¸  Direct WAV playback: sts_chunk_062_20250716_014038.wav
[01:40:46.006] ðŸ“¥ Added to queue: sts_chunk_063_20250716_014045.wav
[01:40:46.008] ðŸ“¥ Added to queue: sts_chunk_064_20250716_014045.wav
[01:40:46.010] ðŸ“Š Found 2 new files
[01:40:46.012] ðŸ“‹ Queue length: 2, Currently playing: True
[01:40:46.947] âœ… Finished playing: sts_chunk_062_20250716_014038.wav (took 5.4s)
[01:40:46.948] ðŸŽµ Finished playing: sts_chunk_062_20250716_014038.wav
[01:40:46.949] ðŸŽµ Starting to play: sts_chunk_063_20250716_014045.wav
[01:40:46.951] â–¶ï¸  Direct WAV playback: sts_chunk_063_20250716_014045.wav
[01:40:47.027] ðŸ“‹ Queue length: 1, Currently playing: True
[01:40:48.042] ðŸ“‹ Queue length: 1, Currently playing: True
[01:40:49.169] ðŸ“¥ Added to queue: sts_chunk_065_20250716_014048.wav
[01:40:49.170] ðŸ“Š Found 1 new files
[01:40:49.172] ðŸ“‹ Queue length: 2, Currently playing: True
[01:40:50.227] ðŸ“‹ Queue length: 2, Currently playing: True
[01:40:51.249] ðŸ“‹ Queue length: 2, Currently playing: True
[01:40:51.457] ðŸ“¥ Added to queue: sts_chunk_066_20250716_014050.wav
[01:40:51.460] ðŸ“Š Found 1 new files
[01:40:52.286] ðŸ“‹ Queue length: 3, Currently playing: True
[01:40:53.316] ðŸ“‹ Queue length: 3, Currently playing: True
[01:40:53.480] âœ… Finished playing: sts_chunk_063_20250716_014045.wav (took 6.5s)
[01:40:53.481] ðŸŽµ Finished playing: sts_chunk_063_20250716_014045.wav
[01:40:53.484] ðŸŽµ Starting to play: sts_chunk_064_20250716_014045.wav
[01:40:53.487] â–¶ï¸  Direct WAV playback: sts_chunk_064_20250716_014045.wav
[01:40:54.344] ðŸ“‹ Queue length: 2, Currently playing: True
[01:40:55.386] ðŸ“‹ Queue length: 2, Currently playing: True
[01:40:55.862] âœ… Finished playing: sts_chunk_064_20250716_014045.wav (took 2.4s)
[01:40:55.865] ðŸŽµ Finished playing: sts_chunk_064_20250716_014045.wav
[01:40:55.877] ðŸŽµ Starting to play: sts_chunk_065_20250716_014048.wav
[01:40:55.880] â–¶ï¸  Direct WAV playback: sts_chunk_065_20250716_014048.wav
[01:40:56.005] ðŸ“¥ Added to queue: sts_chunk_067_20250716_014055.wav
[01:40:56.007] ðŸ“Š Found 1 new files
[01:40:56.415] ðŸ“‹ Queue length: 2, Currently playing: True
[01:40:57.431] ðŸ“‹ Queue length: 2, Currently playing: True
[01:40:58.482] ðŸ“‹ Queue length: 2, Currently playing: True
[01:40:58.597] âœ… Finished playing: sts_chunk_065_20250716_014048.wav (took 2.7s)
[01:40:58.598] ðŸŽµ Finished playing: sts_chunk_065_20250716_014048.wav
[01:40:58.600] ðŸŽµ Starting to play: sts_chunk_066_20250716_014050.wav
[01:40:58.602] â–¶ï¸  Direct WAV playback: sts_chunk_066_20250716_014050.wav
[01:40:59.318] ðŸ“¥ Added to queue: sts_chunk_068_20250716_014058.wav
[01:40:59.320] ðŸ“Š Found 1 new files
[01:40:59.528] ðŸ“‹ Queue length: 2, Currently playing: True
[01:41:00.542] ðŸ“‹ Queue length: 2, Currently playing: True
[01:41:01.073] âœ… Finished playing: sts_chunk_066_20250716_014050.wav (took 2.5s)
[01:41:01.074] ðŸŽµ Finished playing: sts_chunk_066_20250716_014050.wav
[01:41:01.075] ðŸŽµ Starting to play: sts_chunk_067_20250716_014055.wav
[01:41:01.078] â–¶ï¸  Direct WAV playback: sts_chunk_067_20250716_014055.wav
[01:41:01.157] ðŸ“¥ Added to queue: sts_chunk_069_20250716_014100.wav
[01:41:01.159] ðŸ“Š Found 1 new files
[01:41:01.570] ðŸ“‹ Queue length: 2, Currently playing: True
[01:41:02.583] ðŸ“‹ Queue length: 2, Currently playing: True
[01:41:03.611] ðŸ“‹ Queue length: 2, Currently playing: True
[01:41:04.217] âœ… Finished playing: sts_chunk_067_20250716_014055.wav (took 3.1s)
[01:41:04.221] ðŸŽµ Finished playing: sts_chunk_067_20250716_014055.wav
[01:41:04.224] ðŸŽµ Starting to play: sts_chunk_068_20250716_014058.wav
[01:41:04.226] â–¶ï¸  Direct WAV playback: sts_chunk_068_20250716_014058.wav
[01:41:04.670] ðŸ“‹ Queue length: 1, Currently playing: True
[01:41:05.102] ðŸ“¥ Added to queue: sts_chunk_070_20250716_014104.wav
[01:41:05.104] ðŸ“Š Found 1 new files
[01:41:05.727] ðŸ“‹ Queue length: 2, Currently playing: True
[01:41:06.746] ðŸ“‹ Queue length: 2, Currently playing: True
[01:41:07.857] ðŸ“‹ Queue length: 2, Currently playing: True
[01:41:08.322] âœ… Finished playing: sts_chunk_068_20250716_014058.wav (took 4.1s)
[01:41:08.323] ðŸŽµ Finished playing: sts_chunk_068_20250716_014058.wav
[01:41:08.325] ðŸŽµ Starting to play: sts_chunk_069_20250716_014100.wav
[01:41:08.327] â–¶ï¸  Direct WAV playback: sts_chunk_069_20250716_014100.wav
[01:41:08.897] ðŸ“‹ Queue length: 1, Currently playing: True
[01:41:09.919] ðŸ“‹ Queue length: 1, Currently playing: True
[01:41:10.982] ðŸ“¥ Added to queue: sts_chunk_071_20250716_014110.wav
[01:41:10.988] ðŸ“Š Found 1 new files
[01:41:10.990] ðŸ“‹ Queue length: 2, Currently playing: True
[01:41:11.114] âœ… Finished playing: sts_chunk_069_20250716_014100.wav (took 2.8s)
[01:41:11.118] ðŸŽµ Finished playing: sts_chunk_069_20250716_014100.wav
[01:41:11.120] ðŸŽµ Starting to play: sts_chunk_070_20250716_014104.wav
[01:41:11.123] â–¶ï¸  Direct WAV playback: sts_chunk_070_20250716_014104.wav
[01:41:12.008] ðŸ“‹ Queue length: 1, Currently playing: True
[01:41:13.032] ðŸ“‹ Queue length: 1, Currently playing: True
[01:41:14.059] ðŸ“‹ Queue length: 1, Currently playing: True
[01:41:14.104] âœ… Finished playing: sts_chunk_070_20250716_014104.wav (took 3.0s)
[01:41:14.106] ðŸŽµ Finished playing: sts_chunk_070_20250716_014104.wav
[01:41:14.108] ðŸŽµ Starting to play: sts_chunk_071_20250716_014110.wav
[01:41:14.110] â–¶ï¸  Direct WAV playback: sts_chunk_071_20250716_014110.wav
[01:41:15.314] ðŸ“¥ Added to queue: sts_chunk_072_20250716_014114.wav
[01:41:15.315] ðŸ“Š Found 1 new files
[01:41:15.318] ðŸ“‹ Queue length: 1, Currently playing: True
[01:41:16.389] ðŸ“‹ Queue length: 1, Currently playing: True
[01:41:17.532] ðŸ“‹ Queue length: 1, Currently playing: True
[01:41:18.564] ðŸ“‹ Queue length: 1, Currently playing: True
[01:41:19.582] ðŸ“‹ Queue length: 1, Currently playing: True
[01:41:19.870] âœ… Finished playing: sts_chunk_071_20250716_014110.wav (took 5.8s)
[01:41:19.871] ðŸŽµ Finished playing: sts_chunk_071_20250716_014110.wav
[01:41:19.873] ðŸŽµ Starting to play: sts_chunk_072_20250716_014114.wav
[01:41:19.877] â–¶ï¸  Direct WAV playback: sts_chunk_072_20250716_014114.wav
[01:41:20.395] ðŸ“¥ Added to queue: sts_chunk_073_20250716_014119.wav
[01:41:20.405] ðŸ“Š Found 1 new files
[01:41:20.610] ðŸ“‹ Queue length: 1, Currently playing: True
[01:41:21.691] ðŸ“‹ Queue length: 1, Currently playing: True
[01:41:22.703] ðŸ“‹ Queue length: 1, Currently playing: True
[01:41:23.745] ðŸ“‹ Queue length: 1, Currently playing: True
[01:41:23.978] âœ… Finished playing: sts_chunk_072_20250716_014114.wav (took 4.1s)
[01:41:23.979] ðŸŽµ Finished playing: sts_chunk_072_20250716_014114.wav
[01:41:23.981] ðŸŽµ Starting to play: sts_chunk_073_20250716_014119.wav
[01:41:23.984] â–¶ï¸  Direct WAV playback: sts_chunk_073_20250716_014119.wav
[01:41:24.992] ðŸ“¥ Added to queue: sts_chunk_074_20250716_014124.wav
[01:41:24.995] ðŸ“Š Found 1 new files
[01:41:24.998] ðŸ“‹ Queue length: 1, Currently playing: True
[01:41:26.037] ðŸ“‹ Queue length: 1, Currently playing: True
[01:41:27.072] ðŸ“‹ Queue length: 1, Currently playing: True
[01:41:28.113] ðŸ“‹ Queue length: 1, Currently playing: True
[01:41:29.145] ðŸ“‹ Queue length: 1, Currently playing: True
[01:41:29.507] âœ… Finished playing: sts_chunk_073_20250716_014119.wav (took 5.5s)
[01:41:29.508] ðŸŽµ Finished playing: sts_chunk_073_20250716_014119.wav
[01:41:29.509] ðŸŽµ Starting to play: sts_chunk_074_20250716_014124.wav
[01:41:29.511] â–¶ï¸  Direct WAV playback: sts_chunk_074_20250716_014124.wav
[01:41:30.600] ðŸ“¥ Added to queue: sts_chunk_075_20250716_014130.wav
[01:41:30.610] ðŸ“Š Found 1 new files
[01:41:30.613] ðŸ“‹ Queue length: 1, Currently playing: True
[01:41:31.662] ðŸ“‹ Queue length: 1, Currently playing: True
[01:41:32.680] ðŸ“‹ Queue length: 1, Currently playing: True
[01:41:33.697] ðŸ“‹ Queue length: 1, Currently playing: True
[01:41:34.359] âœ… Finished playing: sts_chunk_074_20250716_014124.wav (took 4.8s)
[01:41:34.366] ðŸŽµ Finished playing: sts_chunk_074_20250716_014124.wav
[01:41:34.368] ðŸŽµ Starting to play: sts_chunk_075_20250716_014130.wav
[01:41:34.371] â–¶ï¸  Direct WAV playback: sts_chunk_075_20250716_014130.wav
[01:41:34.970] ðŸ“¥ Added to queue: sts_chunk_076_20250716_014134.wav
[01:41:34.972] ðŸ“Š Found 1 new files
[01:41:34.973] ðŸ“‹ Queue length: 1, Currently playing: True
[01:41:36.011] ðŸ“‹ Queue length: 1, Currently playing: True
[01:41:37.050] ðŸ“‹ Queue length: 1, Currently playing: True
[01:41:37.676] ðŸ“¥ Added to queue: sts_chunk_077_20250716_014137.wav
[01:41:37.700] ðŸ“Š Found 1 new files
[01:41:38.113] ðŸ“‹ Queue length: 2, Currently playing: True
[01:41:39.200] ðŸ“‹ Queue length: 2, Currently playing: True
[01:41:40.093] âœ… Finished playing: sts_chunk_075_20250716_014130.wav (took 5.7s)
[01:41:40.094] ðŸŽµ Finished playing: sts_chunk_075_20250716_014130.wav
[01:41:40.096] ðŸŽµ Starting to play: sts_chunk_076_20250716_014134.wav
[01:41:40.099] â–¶ï¸  Direct WAV playback: sts_chunk_076_20250716_014134.wav
[01:41:40.222] ðŸ“‹ Queue length: 1, Currently playing: True
[01:41:41.240] ðŸ“‹ Queue length: 1, Currently playing: True
[01:41:41.447] ðŸ“¥ Added to queue: sts_chunk_078_20250716_014140.wav
[01:41:41.448] ðŸ“Š Found 1 new files
[01:41:42.273] ðŸ“‹ Queue length: 2, Currently playing: True
[01:41:42.884] ðŸ“¥ Added to queue: sts_chunk_079_20250716_014142.wav
[01:41:42.886] ðŸ“Š Found 1 new files
[01:41:43.313] ðŸ“‹ Queue length: 3, Currently playing: True
[01:41:44.321] âœ… Finished playing: sts_chunk_076_20250716_014134.wav (took 4.2s)
[01:41:44.322] ðŸŽµ Finished playing: sts_chunk_076_20250716_014134.wav
[01:41:44.324] ðŸŽµ Starting to play: sts_chunk_077_20250716_014137.wav
[01:41:44.327] â–¶ï¸  Direct WAV playback: sts_chunk_077_20250716_014137.wav
[01:41:44.349] ðŸ“‹ Queue length: 2, Currently playing: True
[01:41:45.365] ðŸ“‹ Queue length: 2, Currently playing: True
[01:41:46.422] ðŸ“‹ Queue length: 2, Currently playing: True
[01:41:47.463] ðŸ“‹ Queue length: 2, Currently playing: True
[01:41:47.639] âœ… Finished playing: sts_chunk_077_20250716_014137.wav (took 3.3s)
[01:41:47.639] ðŸŽµ Finished playing: sts_chunk_077_20250716_014137.wav
[01:41:47.641] ðŸŽµ Starting to play: sts_chunk_078_20250716_014140.wav
[01:41:47.644] â–¶ï¸  Direct WAV playback: sts_chunk_078_20250716_014140.wav
[01:41:48.503] ðŸ“‹ Queue length: 1, Currently playing: True
[01:41:49.533] ðŸ“‹ Queue length: 1, Currently playing: True
[01:41:50.146] ðŸ“¥ Added to queue: sts_chunk_080_20250716_014149.wav
[01:41:50.148] ðŸ“Š Found 1 new files
[01:41:50.580] ðŸ“‹ Queue length: 2, Currently playing: True
[01:41:51.274] âœ… Finished playing: sts_chunk_078_20250716_014140.wav (took 3.6s)
[01:41:51.277] ðŸŽµ Finished playing: sts_chunk_078_20250716_014140.wav
[01:41:51.279] ðŸŽµ Starting to play: sts_chunk_079_20250716_014142.wav
[01:41:51.280] â–¶ï¸  Direct WAV playback: sts_chunk_079_20250716_014142.wav
[01:41:51.627] ðŸ“‹ Queue length: 1, Currently playing: True
[01:41:52.680] ðŸ“¥ Added to queue: sts_chunk_081_20250716_014151.wav
[01:41:52.684] ðŸ“Š Found 1 new files
[01:41:52.693] ðŸ“‹ Queue length: 2, Currently playing: True
[01:41:52.730] âœ… Finished playing: sts_chunk_079_20250716_014142.wav (took 1.5s)
[01:41:52.740] ðŸŽµ Finished playing: sts_chunk_079_20250716_014142.wav
[01:41:52.745] ðŸŽµ Starting to play: sts_chunk_080_20250716_014149.wav
[01:41:52.747] â–¶ï¸  Direct WAV playback: sts_chunk_080_20250716_014149.wav
[01:41:53.722] ðŸ“‹ Queue length: 1, Currently playing: True
[01:41:54.754] ðŸ“‹ Queue length: 1, Currently playing: True
[01:41:55.797] ðŸ“‹ Queue length: 1, Currently playing: True
[01:41:56.842] ðŸ“‹ Queue length: 1, Currently playing: True
[01:41:57.866] ðŸ“‹ Queue length: 1, Currently playing: True
[01:41:58.947] ðŸ“‹ Queue length: 1, Currently playing: True
[01:41:59.115] âœ… Finished playing: sts_chunk_080_20250716_014149.wav (took 6.4s)
[01:41:59.116] ðŸŽµ Finished playing: sts_chunk_080_20250716_014149.wav
[01:41:59.119] ðŸŽµ Starting to play: sts_chunk_081_20250716_014151.wav
[01:41:59.122] â–¶ï¸  Direct WAV playback: sts_chunk_081_20250716_014151.wav
[01:42:00.781] ðŸ“¥ Added to queue: sts_chunk_083_20250716_014200.wav
[01:42:00.782] ðŸ“Š Found 1 new files
[01:42:00.784] ðŸ“‹ Queue length: 1, Currently playing: True
[01:42:01.809] ðŸ“‹ Queue length: 1, Currently playing: True
[01:42:02.146] âœ… Finished playing: sts_chunk_081_20250716_014151.wav (took 3.0s)
[01:42:02.147] ðŸŽµ Finished playing: sts_chunk_081_20250716_014151.wav
[01:42:02.149] ðŸŽµ Starting to play: sts_chunk_083_20250716_014200.wav
[01:42:02.152] â–¶ï¸  Direct WAV playback: sts_chunk_083_20250716_014200.wav
[01:42:07.532] ðŸ“¥ Added to queue: sts_chunk_085_20250716_014206.wav
[01:42:07.535] ðŸ“Š Found 1 new files
[01:42:07.538] ðŸ“‹ Queue length: 1, Currently playing: True
[01:42:08.565] ðŸ“‹ Queue length: 1, Currently playing: True
[01:42:08.804] âœ… Finished playing: sts_chunk_083_20250716_014200.wav (took 6.7s)
[01:42:08.805] ðŸŽµ Finished playing: sts_chunk_083_20250716_014200.wav
[01:42:08.807] ðŸŽµ Starting to play: sts_chunk_085_20250716_014206.wav
[01:42:08.809] â–¶ï¸  Direct WAV playback: sts_chunk_085_20250716_014206.wav
[01:42:15.331] âœ… Finished playing: sts_chunk_085_20250716_014206.wav (took 6.5s)
[01:42:15.332] ðŸŽµ Finished playing: sts_chunk_085_20250716_014206.wav
[01:42:15.478] ðŸ“¥ Added to queue: sts_chunk_086_20250716_014215.wav
[01:42:15.480] ðŸ“Š Found 1 new files
[01:42:15.481] ðŸ“‹ Queue length: 1, Currently playing: False
[01:42:15.482] ðŸŽµ Starting to play: sts_chunk_086_20250716_014215.wav
[01:42:15.486] â–¶ï¸  Direct WAV playback: sts_chunk_086_20250716_014215.wav
[01:42:23.569] âœ… Finished playing: sts_chunk_086_20250716_014215.wav (took 8.1s)
[01:42:23.570] ðŸŽµ Finished playing: sts_chunk_086_20250716_014215.wav
[01:42:23.850] ðŸ“¥ Added to queue: sts_chunk_087_20250716_014223.wav
[01:42:23.851] ðŸ“Š Found 1 new files
[01:42:23.853] ðŸŽµ Starting to play: sts_chunk_087_20250716_014223.wav
[01:42:23.855] â–¶ï¸  Direct WAV playback: sts_chunk_087_20250716_014223.wav
[01:42:31.938] âœ… Finished playing: sts_chunk_087_20250716_014223.wav (took 8.1s)
[01:42:31.939] ðŸŽµ Finished playing: sts_chunk_087_20250716_014223.wav
[01:42:32.206] ðŸ“¥ Added to queue: sts_chunk_088_20250716_014231.wav
[01:42:32.209] ðŸ“Š Found 1 new files
[01:42:32.214] ðŸŽµ Starting to play: sts_chunk_088_20250716_014231.wav
[01:42:32.217] â–¶ï¸  Direct WAV playback: sts_chunk_088_20250716_014231.wav
[01:42:33.676] ðŸ“¥ Added to queue: sts_chunk_090_20250716_014233.wav
[01:42:33.679] ðŸ“Š Found 1 new files
[01:42:33.681] ðŸ“‹ Queue length: 1, Currently playing: True
[01:42:34.725] ðŸ“‹ Queue length: 1, Currently playing: True
[01:42:35.783] ðŸ“‹ Queue length: 1, Currently playing: True
[01:42:35.988] ðŸ“¥ Added to queue: sts_chunk_091_20250716_014235.wav
[01:42:35.990] ðŸ“Š Found 1 new files
[01:42:36.820] ðŸ“‹ Queue length: 2, Currently playing: True
[01:42:37.861] ðŸ“‹ Queue length: 2, Currently playing: True
[01:42:38.072] ðŸ“¥ Added to queue: sts_chunk_092_20250716_014237.wav
[01:42:38.073] ðŸ“Š Found 1 new files
[01:42:38.902] ðŸ“‹ Queue length: 3, Currently playing: True
[01:42:39.982] ðŸ“‹ Queue length: 3, Currently playing: True
[01:42:40.317] âœ… Finished playing: sts_chunk_088_20250716_014231.wav (took 8.1s)
[01:42:40.318] ðŸŽµ Finished playing: sts_chunk_088_20250716_014231.wav
[01:42:40.322] ðŸŽµ Starting to play: sts_chunk_090_20250716_014233.wav
[01:42:40.324] â–¶ï¸  Direct WAV playback: sts_chunk_090_20250716_014233.wav
[01:42:40.605] ðŸ“¥ Added to queue: sts_chunk_094_20250716_014240.wav
[01:42:40.609] ðŸ“Š Found 1 new files
[01:42:41.022] ðŸ“‹ Queue length: 3, Currently playing: True
[01:42:42.078] ðŸ“‹ Queue length: 3, Currently playing: True
[01:42:42.923] âœ… Finished playing: sts_chunk_090_20250716_014233.wav (took 2.6s)
[01:42:42.924] ðŸŽµ Finished playing: sts_chunk_090_20250716_014233.wav
[01:42:42.926] ðŸŽµ Starting to play: sts_chunk_091_20250716_014235.wav
[01:42:42.928] ðŸ“¥ Added to queue: sts_chunk_095_20250716_014242.wav
[01:42:42.928] â–¶ï¸  Direct WAV playback: sts_chunk_091_20250716_014235.wav
[01:42:42.930] ðŸ“Š Found 1 new files
[01:42:43.148] ðŸ“‹ Queue length: 3, Currently playing: True
[01:42:44.194] ðŸ“‹ Queue length: 3, Currently playing: True
[01:42:44.626] âœ… Finished playing: sts_chunk_091_20250716_014235.wav (took 1.7s)
[01:42:44.627] ðŸŽµ Finished playing: sts_chunk_091_20250716_014235.wav
[01:42:44.629] ðŸŽµ Starting to play: sts_chunk_092_20250716_014237.wav
[01:42:44.631] â–¶ï¸  Direct WAV playback: sts_chunk_092_20250716_014237.wav
[01:42:45.254] ðŸ“‹ Queue length: 2, Currently playing: True
[01:42:45.459] ðŸ“¥ Added to queue: sts_chunk_096_20250716_014244.wav
[01:42:45.460] ðŸ“Š Found 1 new files
[01:42:46.277] ðŸ“‹ Queue length: 3, Currently playing: True
[01:42:46.689] ðŸ“¥ Added to queue: sts_chunk_097_20250716_014246.wav
[01:42:46.690] ðŸ“Š Found 1 new files
[01:42:47.311] ðŸ“‹ Queue length: 4, Currently playing: True
[01:42:47.339] âœ… Finished playing: sts_chunk_092_20250716_014237.wav (took 2.7s)
[01:42:47.340] ðŸŽµ Finished playing: sts_chunk_092_20250716_014237.wav
[01:42:47.341] ðŸŽµ Starting to play: sts_chunk_094_20250716_014240.wav
[01:42:47.343] â–¶ï¸  Direct WAV playback: sts_chunk_094_20250716_014240.wav
[01:42:48.349] ðŸ“‹ Queue length: 3, Currently playing: True
[01:42:49.049] âœ… Finished playing: sts_chunk_094_20250716_014240.wav (took 1.7s)
[01:42:49.050] ðŸŽµ Finished playing: sts_chunk_094_20250716_014240.wav
[01:42:49.052] ðŸŽµ Starting to play: sts_chunk_095_20250716_014242.wav
[01:42:49.054] â–¶ï¸  Direct WAV playback: sts_chunk_095_20250716_014242.wav
[01:42:49.395] ðŸ“‹ Queue length: 2, Currently playing: True
[01:42:50.423] ðŸ“‹ Queue length: 2, Currently playing: True
[01:42:51.159] âœ… Finished playing: sts_chunk_095_20250716_014242.wav (took 2.1s)
[01:42:51.169] ðŸŽµ Finished playing: sts_chunk_095_20250716_014242.wav
[01:42:51.241] ðŸŽµ Starting to play: sts_chunk_096_20250716_014244.wav
[01:42:51.278] â–¶ï¸  Direct WAV playback: sts_chunk_096_20250716_014244.wav
[01:42:51.497] ðŸ“‹ Queue length: 1, Currently playing: True
[01:42:52.122] ðŸ“¥ Added to queue: sts_chunk_098_20250716_014251.wav
[01:42:52.128] ðŸ“Š Found 1 new files
[01:42:52.563] ðŸ“‹ Queue length: 2, Currently playing: True
[01:42:53.591] ðŸ“‹ Queue length: 2, Currently playing: True
[01:42:53.792] âœ… Finished playing: sts_chunk_096_20250716_014244.wav (took 2.5s)
[01:42:53.793] ðŸŽµ Finished playing: sts_chunk_096_20250716_014244.wav
[01:42:53.795] ðŸŽµ Starting to play: sts_chunk_097_20250716_014246.wav
[01:42:53.798] â–¶ï¸  Direct WAV playback: sts_chunk_097_20250716_014246.wav
[01:42:54.629] ðŸ“‹ Queue length: 1, Currently playing: True
[01:42:55.514] âœ… Finished playing: sts_chunk_097_20250716_014246.wav (took 1.7s)
[01:42:55.517] ðŸŽµ Finished playing: sts_chunk_097_20250716_014246.wav
[01:42:55.520] ðŸŽµ Starting to play: sts_chunk_098_20250716_014251.wav
[01:42:55.522] â–¶ï¸  Direct WAV playback: sts_chunk_098_20250716_014251.wav
[01:42:59.909] âœ… Finished playing: sts_chunk_098_20250716_014251.wav (took 4.4s)
[01:42:59.910] ðŸŽµ Finished playing: sts_chunk_098_20250716_014251.wav
[01:43:00.380] ðŸ“¥ Added to queue: sts_chunk_099_20250716_014259.wav
[01:43:00.382] ðŸ“¥ Added to queue: sts_chunk_100_20250716_014259.wav
[01:43:00.383] ðŸŽµ Starting to play: sts_chunk_099_20250716_014259.wav
[01:43:00.385] ðŸ“Š Found 2 new files
[01:43:00.386] â–¶ï¸  Direct WAV playback: sts_chunk_099_20250716_014259.wav
[01:43:00.397] ðŸ“‹ Queue length: 1, Currently playing: True
[01:43:01.425] ðŸ“‹ Queue length: 1, Currently playing: True
[01:43:02.467] ðŸ“‹ Queue length: 1, Currently playing: True
[01:43:03.506] ðŸ“‹ Queue length: 1, Currently playing: True
[01:43:03.918] ðŸ“¥ Added to queue: sts_chunk_101_20250716_014303.wav
[01:43:03.919] ðŸ“Š Found 1 new files
[01:43:04.535] ðŸ“‹ Queue length: 2, Currently playing: True
[01:43:05.606] ðŸ“¥ Added to queue: sts_chunk_102_20250716_014305.wav
[01:43:05.633] ðŸ“Š Found 1 new files
[01:43:05.647] ðŸ“‹ Queue length: 3, Currently playing: True
[01:43:06.680] ðŸ“‹ Queue length: 3, Currently playing: True
[01:43:07.705] ðŸ“‹ Queue length: 3, Currently playing: True
[01:43:08.152] âœ… Finished playing: sts_chunk_099_20250716_014259.wav (took 7.8s)
[01:43:08.160] ðŸŽµ Finished playing: sts_chunk_099_20250716_014259.wav
[01:43:08.161] ðŸŽµ Starting to play: sts_chunk_100_20250716_014259.wav
[01:43:08.163] â–¶ï¸  Direct WAV playback: sts_chunk_100_20250716_014259.wav
[01:43:08.732] ðŸ“‹ Queue length: 2, Currently playing: True
[01:43:09.799] ðŸ“¥ Added to queue: sts_chunk_103_20250716_014309.wav
[01:43:09.801] ðŸ“Š Found 1 new files
[01:43:09.803] ðŸ“‹ Queue length: 3, Currently playing: True
[01:43:10.119] âœ… Finished playing: sts_chunk_100_20250716_014259.wav (took 2.0s)
[01:43:10.196] ðŸŽµ Finished playing: sts_chunk_100_20250716_014259.wav
[01:43:10.213] ðŸŽµ Starting to play: sts_chunk_101_20250716_014303.wav
[01:43:10.275] â–¶ï¸  Direct WAV playback: sts_chunk_101_20250716_014303.wav
[01:43:10.977] ðŸ“‹ Queue length: 2, Currently playing: True
[01:43:12.089] ðŸ“‹ Queue length: 2, Currently playing: True
[01:43:13.164] ðŸ“¥ Added to queue: sts_chunk_105_20250716_014312.wav
[01:43:13.183] ðŸ“Š Found 1 new files
[01:43:13.203] ðŸ“‹ Queue length: 3, Currently playing: True
[01:43:13.526] âœ… Finished playing: sts_chunk_101_20250716_014303.wav (took 3.3s)
[01:43:13.527] ðŸŽµ Finished playing: sts_chunk_101_20250716_014303.wav
[01:43:13.529] ðŸŽµ Starting to play: sts_chunk_102_20250716_014305.wav
[01:43:13.531] â–¶ï¸  Direct WAV playback: sts_chunk_102_20250716_014305.wav
[01:43:14.241] ðŸ“‹ Queue length: 2, Currently playing: True
[01:43:15.292] ðŸ“‹ Queue length: 2, Currently playing: True
[01:43:15.641] âœ… Finished playing: sts_chunk_102_20250716_014305.wav (took 2.1s)
[01:43:15.642] ðŸŽµ Finished playing: sts_chunk_102_20250716_014305.wav
[01:43:15.644] ðŸŽµ Starting to play: sts_chunk_103_20250716_014309.wav
[01:43:15.646] â–¶ï¸  Direct WAV playback: sts_chunk_103_20250716_014309.wav
[01:43:16.350] ðŸ“‹ Queue length: 1, Currently playing: True
[01:43:17.379] ðŸ“‹ Queue length: 1, Currently playing: True
[01:43:18.440] ðŸ“‹ Queue length: 1, Currently playing: True
[01:43:19.009] âœ… Finished playing: sts_chunk_103_20250716_014309.wav (took 3.4s)
[01:43:19.016] ðŸŽµ Finished playing: sts_chunk_103_20250716_014309.wav
[01:43:19.017] ðŸŽµ Starting to play: sts_chunk_105_20250716_014312.wav
[01:43:19.019] â–¶ï¸  Direct WAV playback: sts_chunk_105_20250716_014312.wav
[01:43:20.187] ðŸ“¥ Added to queue: sts_chunk_106_20250716_014319.wav
[01:43:20.189] ðŸ“Š Found 1 new files
[01:43:20.190] ðŸ“‹ Queue length: 1, Currently playing: True
[01:43:21.219] ðŸ“‹ Queue length: 1, Currently playing: True
[01:43:21.674] âœ… Finished playing: sts_chunk_105_20250716_014312.wav (took 2.7s)
[01:43:21.675] ðŸŽµ Finished playing: sts_chunk_105_20250716_014312.wav
[01:43:21.677] ðŸŽµ Starting to play: sts_chunk_106_20250716_014319.wav
[01:43:21.679] â–¶ï¸  Direct WAV playback: sts_chunk_106_20250716_014319.wav
[01:43:22.873] ðŸ“¥ Added to queue: sts_chunk_108_20250716_014322.wav
[01:43:22.875] ðŸ“Š Found 1 new files
[01:43:22.878] ðŸ“‹ Queue length: 1, Currently playing: True
[01:43:23.907] ðŸ“‹ Queue length: 1, Currently playing: True
[01:43:24.960] ðŸ“‹ Queue length: 1, Currently playing: True
[01:43:26.000] ðŸ“‹ Queue length: 1, Currently playing: True
[01:43:26.837] ðŸ“¥ Added to queue: sts_chunk_109_20250716_014326.wav
[01:43:26.839] ðŸ“Š Found 1 new files
[01:43:27.059] ðŸ“‹ Queue length: 2, Currently playing: True
[01:43:27.271] ðŸ“¥ Added to queue: sts_chunk_110_20250716_014326.wav
[01:43:27.272] ðŸ“Š Found 1 new files
[01:43:27.730] âœ… Finished playing: sts_chunk_106_20250716_014319.wav (took 6.1s)
[01:43:27.730] ðŸŽµ Finished playing: sts_chunk_106_20250716_014319.wav
[01:43:27.733] ðŸŽµ Starting to play: sts_chunk_108_20250716_014322.wav
[01:43:27.735] â–¶ï¸  Direct WAV playback: sts_chunk_108_20250716_014322.wav
[01:43:28.093] ðŸ“‹ Queue length: 2, Currently playing: True
[01:43:28.565] ðŸ“¥ Added to queue: sts_chunk_111_20250716_014327.wav
[01:43:28.761] ðŸ“Š Found 1 new files
[01:43:29.279] ðŸ“‹ Queue length: 3, Currently playing: True
[01:43:29.757] ðŸ“¥ Added to queue: sts_chunk_112_20250716_014329.wav
[01:43:29.760] ðŸ“Š Found 1 new files
[01:43:30.375] ðŸ“‹ Queue length: 4, Currently playing: True
[01:43:30.924] âœ… Finished playing: sts_chunk_108_20250716_014322.wav (took 3.2s)
[01:43:30.925] ðŸŽµ Finished playing: sts_chunk_108_20250716_014322.wav
[01:43:30.927] ðŸŽµ Starting to play: sts_chunk_109_20250716_014326.wav
[01:43:30.929] â–¶ï¸  Direct WAV playback: sts_chunk_109_20250716_014326.wav
[01:43:31.397] ðŸ“‹ Queue length: 3, Currently playing: True
[01:43:32.437] ðŸ“¥ Added to queue: sts_chunk_113_20250716_014331.wav
[01:43:32.443] ðŸ“Š Found 1 new files
[01:43:32.448] ðŸ“‹ Queue length: 4, Currently playing: True
[01:43:33.494] ðŸ“‹ Queue length: 4, Currently playing: True
[01:43:34.377] âœ… Finished playing: sts_chunk_109_20250716_014326.wav (took 3.4s)
[01:43:34.383] ðŸŽµ Finished playing: sts_chunk_109_20250716_014326.wav
[01:43:34.386] ðŸŽµ Starting to play: sts_chunk_110_20250716_014326.wav
[01:43:34.389] â–¶ï¸  Direct WAV playback: sts_chunk_110_20250716_014326.wav
[01:43:34.518] ðŸ“‹ Queue length: 3, Currently playing: True
[01:43:35.572] ðŸ“‹ Queue length: 3, Currently playing: True
[01:43:36.089] âœ… Finished playing: sts_chunk_110_20250716_014326.wav (took 1.7s)
[01:43:36.096] ðŸŽµ Finished playing: sts_chunk_110_20250716_014326.wav
[01:43:36.098] ðŸŽµ Starting to play: sts_chunk_111_20250716_014327.wav
[01:43:36.100] â–¶ï¸  Direct WAV playback: sts_chunk_111_20250716_014327.wav
[01:43:36.662] ðŸ“‹ Queue length: 2, Currently playing: True
[01:43:37.373] âœ… Finished playing: sts_chunk_111_20250716_014327.wav (took 1.3s)
[01:43:37.375] ðŸŽµ Finished playing: sts_chunk_111_20250716_014327.wav
[01:43:37.377] ðŸŽµ Starting to play: sts_chunk_112_20250716_014329.wav
[01:43:37.379] â–¶ï¸  Direct WAV playback: sts_chunk_112_20250716_014329.wav
[01:43:37.753] ðŸ“‹ Queue length: 1, Currently playing: True
[01:43:38.785] ðŸ“‹ Queue length: 1, Currently playing: True
[01:43:38.897] âœ… Finished playing: sts_chunk_112_20250716_014329.wav (took 1.5s)
[01:43:38.913] ðŸŽµ Finished playing: sts_chunk_112_20250716_014329.wav
[01:43:38.916] ðŸŽµ Starting to play: sts_chunk_113_20250716_014331.wav
[01:43:38.918] â–¶ï¸  Direct WAV playback: sts_chunk_113_20250716_014331.wav
[01:43:40.637] âœ… Finished playing: sts_chunk_113_20250716_014331.wav (took 1.7s)
[01:43:40.638] ðŸŽµ Finished playing: sts_chunk_113_20250716_014331.wav
[01:43:44.461] ðŸ“¥ Added to queue: sts_chunk_128_20250716_014344.wav
[01:43:44.468] ðŸŽµ Starting to play: sts_chunk_128_20250716_014344.wav
[01:43:44.469] ðŸ“Š Found 1 new files
[01:43:44.473] â–¶ï¸  Direct WAV playback: sts_chunk_128_20250716_014344.wav
[01:43:45.780] âœ… Finished playing: sts_chunk_128_20250716_014344.wav (took 1.3s)
[01:43:45.789] ðŸŽµ Finished playing: sts_chunk_128_20250716_014344.wav
[01:43:51.232] â¹ï¸  Received interrupt signal, stopping...
[01:43:51.234] ðŸ›‘ Chunk Monitor Player stopped.
[01:43:51.241] ðŸŽµ Audio player thread stopped
PS C:\Projects\Andy> ^C
PS C:\Projects\Andy> python chunk_monitor_player_opt.py  --no-boost